<?xml version="1.0" encoding="UTF-8"?>
<!-- Generated by org.testng.reporters.JUnitReportReporter -->
<testsuite hostname="Shrikantyadav" failures="0" tests="1" name="testCases.BrandsNetworkTest" time="11.434" errors="0" timestamp="2025-08-11T12:24:36 IST" skipped="0">
  <testcase classname="testCases.BrandsNetworkTest" name="TC_AddNewBrandAndVerifyNetworkPaheEmptyMessage" time="11.434"/>
</testsuite> <!-- testCases.BrandsNetworkTest -->
