<?xml version="1.0" encoding="UTF-8"?>
<!-- Generated by org.testng.reporters.JUnitReportReporter -->
<testsuite hostname="DESKTOP-VFH6PON" failures="0" tests="1" name="testCases.BrandsNetworkTest" time="9.524" errors="0" timestamp="2025-08-05T11:49:14 IST" skipped="0">
  <testcase classname="testCases.BrandsNetworkTest" name="TC_AddNewBrandAndVerifyNetworkPaheEmptyMessage" time="9.524"/>
</testsuite> <!-- testCases.BrandsNetworkTest -->
