<?xml version="1.0" encoding="UTF-8"?>
<!-- Generated by org.testng.reporters.JUnitReportReporter -->
<testsuite hostname="DESKTOP-VFH6PON" failures="0" tests="1" name="testCases.Tc1_Login" time="3.766" errors="0" timestamp="2025-04-27T18:07:01 IST" skipped="0">
  <testcase classname="testCases.Tc1_Login" name="emptyMobileNumberSub" time="3.766"/>
</testsuite> <!-- testCases.Tc1_Login -->
