<?xml version="1.0" encoding="UTF-8"?>
<!-- Generated by org.testng.reporters.JUnitReportReporter -->
<testsuite hostname="DESKTOP-VFH6PON" failures="0" tests="1" name="testCases.Tc_Brands" time="14.768" errors="0" timestamp="2025-08-11T18:18:27 IST" skipped="0">
  <testcase classname="testCases.Tc_Brands" name="testAddNewBrand" time="14.768"/>
</testsuite> <!-- testCases.Tc_Brands -->
