<?xml version="1.0" encoding="UTF-8"?>
<!-- Generated by org.testng.reporters.JUnitReportReporter -->
<testsuite hostname="DESKTOP-VFH6PON" failures="0" tests="9" name="testCases.Tc_Login" time="101.948" errors="0" timestamp="2025-05-19T17:20:56 IST" skipped="0">
  <testcase classname="testCases.Tc_Login" name="testSuccessfulLoginAndLogout" time="13.972"/>
  <testcase classname="testCases.Tc_Login" name="testOtpNotEnteredError" time="10.542"/>
  <testcase classname="testCases.Tc_Login" name="testSpecialCharacterMobileNumber" time="8.197"/>
  <testcase classname="testCases.Tc_Login" name="testOpenTermsAndPrivacyLinks" time="23.059"/>
  <testcase classname="testCases.Tc_Login" name="testLessThanTenDigitMobileNumber" time="6.708"/>
  <testcase classname="testCases.Tc_Login" name="testEmptyMobileNumberWithCheckbox" time="9.263"/>
  <testcase classname="testCases.Tc_Login" name="testInvalidOTP" time="11.207"/>
  <testcase classname="testCases.Tc_Login" name="testEmptyMobileNumberWithoutCheckbox" time="9.927"/>
  <testcase classname="testCases.Tc_Login" name="testSuccessfulLogin" time="9.073"/>
</testsuite> <!-- testCases.Tc_Login -->
