<?xml version="1.0" encoding="UTF-8"?>
<!-- Generated by org.testng.reporters.JUnitReportReporter -->
<testsuite hostname="DESKTOP-VFH6PON" failures="0" tests="1" name="testCases.Tc1_VerifyOTP" time="4.297" errors="0" timestamp="2025-04-26T13:13:03 IST" skipped="0">
  <testcase classname="testCases.Tc1_VerifyOTP" name="LoginTest" time="4.297"/>
</testsuite> <!-- testCases.Tc1_VerifyOTP -->
