<?xml version="1.0" encoding="UTF-8"?>
<!-- Generated by org.testng.reporters.JUnitReportReporter -->
<testsuite hostname="Shrikantyadav" failures="0" tests="1" name="testCases.Tc_Brands" time="11.502" errors="0" timestamp="2025-08-13T17:09:40 IST" skipped="0">
  <testcase classname="testCases.Tc_Brands" name="testAddNewBrand" time="11.502"/>
</testsuite> <!-- testCases.Tc_Brands -->
